<?xml version="1.0" encoding="UTF-8"?>
<!-- Generated by org.testng.reporters.JUnitReportReporter -->
<testsuite hostname="Acer_Nitro" failures="0" tests="1" name="com.Zapproved.tests.Addorganization2" time="32.007" errors="0" timestamp="2022-08-28T13:27:02 IST" skipped="0">
  <testcase classname="com.Zapproved.tests.Addorganization2" name="addAnOrganisation" time="32.007"/>
  <system-out/>
</testsuite> <!-- com.Zapproved.tests.Addorganization2 -->
