<?xml version="1.0" encoding="UTF-8"?>
<!-- Generated by org.testng.reporters.JUnitReportReporter -->
<testsuite hostname="Acer_Nitro" failures="0" tests="1" name="com.Zapproved.tests.AddOrganizationTest" time="77.716" errors="0" timestamp="2022-09-03T23:32:13 IST" skipped="0">
  <testcase classname="com.Zapproved.tests.AddOrganizationTest" name="deleteUserFromOrganization" time="77.716"/>
  <system-out/>
</testsuite> <!-- com.Zapproved.tests.AddOrganizationTest -->
